2025-08-28 15:41:44 [[31merror[39m]: ReferenceError: dbCo is not defined
    at Server.<anonymous> (file:///D:/College_Projects/Whatsapp/server/server.js:28:5)
    at Server.f (D:\College_Projects\Whatsapp\server\node_modules\once\once.js:25:25)
    at Object.onceWrapper (node:events:632:28)
    at Server.emit (node:events:530:35)
    at emitListeningNT (node:net:1983:10)
    at process.processTicksAndRejections (node:internal/process/task_queues:89:21)
2025-08-28 15:41:49 [[31merror[39m]: ReferenceError: dbCo is not defined
    at Server.<anonymous> (file:///D:/College_Projects/Whatsapp/server/server.js:28:5)
    at Server.f (D:\College_Projects\Whatsapp\server\node_modules\once\once.js:25:25)
    at Object.onceWrapper (node:events:632:28)
    at Server.emit (node:events:530:35)
    at emitListeningNT (node:net:1983:10)
    at process.processTicksAndRejections (node:internal/process/task_queues:89:21)
2025-08-28 15:41:51 [[31merror[39m]: ReferenceError: dbCo is not defined
    at Server.<anonymous> (file:///D:/College_Projects/Whatsapp/server/server.js:28:5)
    at Server.f (D:\College_Projects\Whatsapp\server\node_modules\once\once.js:25:25)
    at Object.onceWrapper (node:events:632:28)
    at Server.emit (node:events:530:35)
    at emitListeningNT (node:net:1983:10)
    at process.processTicksAndRejections (node:internal/process/task_queues:89:21)
2025-08-28 15:41:59 [[31merror[39m]: ReferenceError: dbCo is not defined
    at Server.<anonymous> (file:///D:/College_Projects/Whatsapp/server/server.js:28:5)
    at Server.f (D:\College_Projects\Whatsapp\server\node_modules\once\once.js:25:25)
    at Object.onceWrapper (node:events:632:28)
    at Server.emit (node:events:530:35)
    at emitListeningNT (node:net:1983:10)
    at process.processTicksAndRejections (node:internal/process/task_queues:89:21)
